<?xml version="1.0" encoding="UTF-8"?>
<Site BuildName="Linux-c++"
	BuildStamp="20240222-0914-Experimental"
	Name="aurora-Nitro-AN515-58"
	Generator="ctest-3.22.1"
	CompilerName="/usr/bin/c++"
	CompilerVersion="11.4.0"
	OSName="Linux"
	Hostname="aurora-Nitro-AN515-58"
	OSRelease="6.5.0-18-generic"
	OSVersion="#18~22.04.1-Ubuntu SMP PREEMPT_DYNAMIC Wed Feb  7 11:40:03 UTC 2"
	OSPlatform="x86_64"
	Is64Bits="1"
	VendorString="GenuineIntel"
	VendorID="Intel Corporation"
	FamilyID="6"
	ModelID="154"
	ProcessorCacheSize="24576"
	NumberOfLogicalCPU="20"
	NumberOfPhysicalCPU="14"
	TotalVirtualMemory="20479"
	TotalPhysicalMemory="15685"
	LogicalProcessorsPerPhysical="1"
	ProcessorClockFrequency="4299.37"
	>
	<Testing>
		<StartDateTime>Feb 22 17:32 CST</StartDateTime>
		<StartTestTime>1708594367</StartTestTime>
		<TestList/>
		<EndDateTime>Feb 22 17:32 CST</EndDateTime>
		<EndTestTime>1708594367</EndTestTime>
		<ElapsedMinutes>0</ElapsedMinutes>
	</Testing>
</Site>
